[2020-04-08 15:14:09] Текст ошибки: Undefined variable: test | Файл: C:\OpenServer\OSPanel\domains\myFramework\app\controllers\MainController.php, | Строка: 22
-------------
[2020-04-08 15:29:21] Текст ошибки: Undefined variable: test | Файл: C:\OpenServer\OSPanel\domains\myFramework\app\controllers\MainController.php, | Строка: 22
-------------
[2020-04-08 15:30:06] Текст ошибки: Undefined variable: test | Файл: C:\OpenServer\OSPanel\domains\myFramework\app\controllers\MainController.php, | Строка: 22
-------------
[2020-04-08 15:30:28] Текст ошибки: Undefined variable: test | Файл: C:\OpenServer\OSPanel\domains\myFramework\app\controllers\MainController.php, | Строка: 22
-------------
[2020-04-08 15:31:29] Текст ошибки: Undefined variable: test | Файл: C:\OpenServer\OSPanel\domains\myFramework\app\controllers\MainController.php, | Строка: 22
-------------
[2020-04-08 15:31:29] Текст ошибки: Call to undefined function app\controllers\test() | Файл: C:\OpenServer\OSPanel\domains\myFramework\app\controllers\MainController.php, | Строка: 23
-------------
[2020-04-08 15:33:33] Текст ошибки: E_USER_ERROR | Файл: C:\OpenServer\OSPanel\domains\myFramework\app\controllers\MainController.php, | Строка: 23
-------------
[2020-04-08 15:36:30] Текст ошибки: E_USER_ERROR | Файл: C:\OpenServer\OSPanel\domains\myFramework\app\controllers\MainController.php, | Строка: 23
-------------
[2020-04-08 15:38:35] Текст ошибки: E_USER_ERROR | Файл: C:\OpenServer\OSPanel\domains\myFramework\app\controllers\MainController.php, | Строка: 23
-------------
[2020-04-08 15:39:35] Текст ошибки: E_USER_ERROR | Файл: C:\OpenServer\OSPanel\domains\myFramework\app\controllers\MainController.php, | Строка: 23
-------------
[2020-04-08 15:40:50] Текст ошибки: Undefined variable: test | Файл: C:\OpenServer\OSPanel\domains\myFramework\app\controllers\MainController.php, | Строка: 22
-------------
[2020-04-08 15:41:13] Текст ошибки: E_USER_ERROR | Файл: C:\OpenServer\OSPanel\domains\myFramework\app\controllers\MainController.php, | Строка: 23
-------------
[2020-04-08 23:26:27] Текст ошибки: Страница не найдена | Файл: C:\OpenServer\OSPanel\domains\myFramework\vendor\core\Router.php, | Строка: 102
-------------
[2020-04-09 00:51:49] Текст ошибки: Страница не найдена | Файл: C:\OpenServer\OSPanel\domains\myFramework\vendor\core\Router.php, | Строка: 102
-------------
[2020-04-09 01:23:41] Текст ошибки: require(C:\OpenServer\OSPanel\domains\myFramework\app\views\Main/menu_tpl/select.php): failed to open stream: No such file or directory | Файл: C:\OpenServer\OSPanel\domains\myFramework\vendor\widgets\menu\Menu.php, | Строка: 93
-------------
